# JRE version: OpenJDK Runtime Environment (18.0.1.1+2) (build 18.0.1.1+2-6)
# Java VM: OpenJDK 64-Bit Server VM (18.0.1.1+2-6, mixed mode, sharing, tiered, compressed oops, compressed class ptrs, g1 gc, windows-amd64)
GC Precious Log:
 CardTable entry size: 512
 Card Set container configuration: InlinePtr #cards 5 size 8 Array Of Cards #cards 12 size 40 Howl #buckets 4 coarsen threshold 1843 Howl Bitmap #cards 512 size 80 coarsen threshold 460 Card regions per heap region 1 cards per card region 2048
 CPUs: 4 total, 4 available
 Memory: 8074M
 Large Page Support: Disabled
 NUMA Support: Disabled
 Compressed Oops: Enabled (32-bit)
 Heap Region Size: 1M
 Heap Min Capacity: 8M
 Heap Initial Capacity: 128M
 Heap Max Capacity: 2020M
 Pre-touch: Disabled
 Parallel Workers: 4
 Concurrent Workers: 1
 Concurrent Refinement Workers: 4
 Periodic GC: Disabled
Heap:
 garbage-first heap   total 168960K, used 89152K [0x0000000081c00000, 0x0000000100000000)
  region size 1024K, 33 young (33792K), 2 survivors (2048K)
 Metaspace       used 32744K, committed 33216K, reserved 1114112K
  class space    used 3524K, committed 3712K, reserved 1048576K
GC Heap History (20 events):
Event: 28.162 GC heap before
{Heap before GC invocations=7 (full 0):
 garbage-first heap   total 64512K, used 27230K [0x0000000081c00000, 0x0000000100000000)
  region size 1024K, 6 young (6144K), 5 survivors (5120K)
 Metaspace       used 24400K, committed 24896K, reserved 1114112K
  class space    used 2654K, committed 2880K, reserved 1048576K
}
Event: 28.170 GC heap after
{Heap after GC invocations=8 (full 0):
 garbage-first heap   total 64512K, used 27548K [0x0000000081c00000, 0x0000000100000000)
  region size 1024K, 1 young (1024K), 1 survivors (1024K)
 Metaspace       used 24400K, committed 24896K, reserved 1114112K
  class space    used 2654K, committed 2880K, reserved 1048576K
}
Event: 29.139 GC heap before
{Heap before GC invocations=8 (full 0):
 garbage-first heap   total 64512K, used 47004K [0x0000000081c00000, 0x0000000100000000)
  region size 1024K, 20 young (20480K), 1 survivors (1024K)
 Metaspace       used 24798K, committed 25216K, reserved 1114112K
  class space    used 2670K, committed 2880K, reserved 1048576K
}
Event: 29.151 GC heap after
{Heap after GC invocations=9 (full 0):
 garbage-first heap   total 64512K, used 31744K [0x0000000081c00000, 0x0000000100000000)
  region size 1024K, 3 young (3072K), 3 survivors (3072K)
 Metaspace       used 24798K, committed 25216K, reserved 1114112K
  class space    used 2670K, committed 2880K, reserved 1048576K
}
Event: 29.348 GC heap before
{Heap before GC invocations=9 (full 0):
 garbage-first heap   total 64512K, used 37888K [0x0000000081c00000, 0x0000000100000000)
  region size 1024K, 10 young (10240K), 3 survivors (3072K)
 Metaspace       used 24845K, committed 25280K, reserved 1114112K
  class space    used 2672K, committed 2880K, reserved 1048576K
}
Event: 29.359 GC heap after
{Heap after GC invocations=10 (full 0):
 garbage-first heap   total 107520K, used 33186K [0x0000000081c00000, 0x0000000100000000)
  region size 1024K, 2 young (2048K), 2 survivors (2048K)
 Metaspace       used 24845K, committed 25280K, reserved 1114112K
  class space    used 2672K, committed 2880K, reserved 1048576K
}
Event: 33.472 GC heap before
{Heap before GC invocations=10 (full 0):
 garbage-first heap   total 107520K, used 75170K [0x0000000081c00000, 0x0000000100000000)
  region size 1024K, 42 young (43008K), 2 survivors (2048K)
 Metaspace       used 27297K, committed 27776K, reserved 1114112K
  class space    used 2921K, committed 3136K, reserved 1048576K
}
Event: 33.493 GC heap after
{Heap after GC invocations=11 (full 0):
 garbage-first heap   total 107520K, used 42251K [0x0000000081c00000, 0x0000000100000000)
  region size 1024K, 6 young (6144K), 6 survivors (6144K)
 Metaspace       used 27297K, committed 27776K, reserved 1114112K
  class space    used 2921K, committed 3136K, reserved 1048576K
}
Event: 35.279 GC heap before
{Heap before GC invocations=11 (full 0):
 garbage-first heap   total 107520K, used 77067K [0x0000000081c00000, 0x0000000100000000)
  region size 1024K, 40 young (40960K), 6 survivors (6144K)
 Metaspace       used 27354K, committed 27776K, reserved 1114112K
  class space    used 2921K, committed 3136K, reserved 1048576K
}
Event: 35.302 GC heap after
{Heap after GC invocations=12 (full 0):
 garbage-first heap   total 107520K, used 53525K [0x0000000081c00000, 0x0000000100000000)
  region size 1024K, 5 young (5120K), 5 survivors (5120K)
 Metaspace       used 27354K, committed 27776K, reserved 1114112K
  class space    used 2921K, committed 3136K, reserved 1048576K
}
Event: 38.235 GC heap before
{Heap before GC invocations=12 (full 0):
 garbage-first heap   total 107520K, used 77077K [0x0000000081c00000, 0x0000000100000000)
  region size 1024K, 29 young (29696K), 5 survivors (5120K)
 Metaspace       used 28953K, committed 29312K, reserved 1114112K
  class space    used 3106K, committed 3264K, reserved 1048576K
}
Event: 38.248 GC heap after
{Heap after GC invocations=13 (full 0):
 garbage-first heap   total 107520K, used 55347K [0x0000000081c00000, 0x0000000100000000)
  region size 1024K, 2 young (2048K), 2 survivors (2048K)
 Metaspace       used 28953K, committed 29312K, reserved 1114112K
  class space    used 3106K, committed 3264K, reserved 1048576K
}
Event: 39.786 GC heap before
{Heap before GC invocations=14 (full 0):
 garbage-first heap   total 107520K, used 78899K [0x0000000081c00000, 0x0000000100000000)
  region size 1024K, 26 young (26624K), 2 survivors (2048K)
 Metaspace       used 29529K, committed 30016K, reserved 1114112K
  class space    used 3155K, committed 3392K, reserved 1048576K
}
Event: 39.793 GC heap after
{Heap after GC invocations=15 (full 0):
 garbage-first heap   total 107520K, used 55107K [0x0000000081c00000, 0x0000000100000000)
  region size 1024K, 3 young (3072K), 3 survivors (3072K)
 Metaspace       used 29529K, committed 30016K, reserved 1114112K
  class space    used 3155K, committed 3392K, reserved 1048576K
}
Event: 39.889 GC heap before
{Heap before GC invocations=15 (full 0):
 garbage-first heap   total 107520K, used 57155K [0x0000000081c00000, 0x0000000100000000)
  region size 1024K, 5 young (5120K), 3 survivors (3072K)
 Metaspace       used 29588K, committed 30080K, reserved 1114112K
  class space    used 3161K, committed 3392K, reserved 1048576K
}
Event: 39.902 GC heap after
{Heap after GC invocations=16 (full 0):
 garbage-first heap   total 107520K, used 45708K [0x0000000081c00000, 0x0000000100000000)
  region size 1024K, 1 young (1024K), 1 survivors (1024K)
 Metaspace       used 29588K, committed 30080K, reserved 1114112K
  class space    used 3161K, committed 3392K, reserved 1048576K
}
Event: 40.131 GC heap before
{Heap before GC invocations=16 (full 0):
 garbage-first heap   total 107520K, used 49804K [0x0000000081c00000, 0x0000000100000000)
  region size 1024K, 5 young (5120K), 1 survivors (1024K)
 Metaspace       used 30073K, committed 30592K, reserved 1114112K
  class space    used 3204K, committed 3456K, reserved 1048576K
}
Event: 40.137 GC heap after
{Heap after GC invocations=17 (full 0):
 garbage-first heap   total 107520K, used 45876K [0x0000000081c00000, 0x0000000100000000)
  region size 1024K, 1 young (1024K), 1 survivors (1024K)
 Metaspace       used 30073K, committed 30592K, reserved 1114112K
  class space    used 3204K, committed 3456K, reserved 1048576K
}
Event: 68.131 GC heap before
{Heap before GC invocations=17 (full 0):
 garbage-first heap   total 107520K, used 78644K [0x0000000081c00000, 0x0000000100000000)
  region size 1024K, 34 young (34816K), 1 survivors (1024K)
 Metaspace       used 31178K, committed 31616K, reserved 1114112K
  class space    used 3306K, committed 3520K, reserved 1048576K
}
Event: 68.136 GC heap after
{Heap after GC invocations=18 (full 0):
 garbage-first heap   total 168960K, used 46144K [0x0000000081c00000, 0x0000000100000000)
  region size 1024K, 2 young (2048K), 2 survivors (2048K)
 Metaspace       used 31178K, committed 31616K, reserved 1114112K
  class space    used 3306K, committed 3520K, reserved 1048576K
}

