# JRE version: OpenJDK Runtime Environment (18.0.1.1+2) (build 18.0.1.1+2-6)
# Java VM: OpenJDK 64-Bit Server VM (18.0.1.1+2-6, mixed mode, sharing, tiered, compressed oops, compressed class ptrs, g1 gc, windows-amd64)
GC Precious Log:
 CardTable entry size: 512
 Card Set container configuration: InlinePtr #cards 5 size 8 Array Of Cards #cards 12 size 40 Howl #buckets 4 coarsen threshold 1843 Howl Bitmap #cards 512 size 80 coarsen threshold 460 Card regions per heap region 1 cards per card region 2048
 CPUs: 4 total, 4 available
 Memory: 8074M
 Large Page Support: Disabled
 NUMA Support: Disabled
 Compressed Oops: Enabled (32-bit)
 Heap Region Size: 1M
 Heap Min Capacity: 8M
 Heap Initial Capacity: 128M
 Heap Max Capacity: 2020M
 Pre-touch: Disabled
 Parallel Workers: 4
 Concurrent Workers: 1
 Concurrent Refinement Workers: 4
 Periodic GC: Disabled
Heap:
 garbage-first heap   total 190464K, used 77715K [0x0000000081c00000, 0x0000000100000000)
  region size 1024K, 38 young (38912K), 1 survivors (1024K)
 Metaspace       used 31028K, committed 31488K, reserved 1114112K
  class space    used 3294K, committed 3520K, reserved 1048576K
GC Heap History (20 events):
Event: 9.468 GC heap before
{Heap before GC invocations=10 (full 0):
 garbage-first heap   total 64512K, used 50687K [0x0000000081c00000, 0x0000000100000000)
  region size 1024K, 17 young (17408K), 2 survivors (2048K)
 Metaspace       used 26827K, committed 27200K, reserved 1114112K
  class space    used 2885K, committed 3072K, reserved 1048576K
}
Event: 9.477 GC heap after
{Heap after GC invocations=11 (full 0):
 garbage-first heap   total 64512K, used 35837K [0x0000000081c00000, 0x0000000100000000)
  region size 1024K, 3 young (3072K), 3 survivors (3072K)
 Metaspace       used 26827K, committed 27200K, reserved 1114112K
  class space    used 2885K, committed 3072K, reserved 1048576K
}
Event: 10.336 GC heap before
{Heap before GC invocations=11 (full 0):
 garbage-first heap   total 64512K, used 50173K [0x0000000081c00000, 0x0000000100000000)
  region size 1024K, 17 young (17408K), 3 survivors (3072K)
 Metaspace       used 27224K, committed 27648K, reserved 1114112K
  class space    used 2917K, committed 3136K, reserved 1048576K
}
Event: 10.349 GC heap after
{Heap after GC invocations=12 (full 0):
 garbage-first heap   total 64512K, used 37158K [0x0000000081c00000, 0x0000000100000000)
  region size 1024K, 3 young (3072K), 3 survivors (3072K)
 Metaspace       used 27224K, committed 27648K, reserved 1114112K
  class space    used 2917K, committed 3136K, reserved 1048576K
}
Event: 10.937 GC heap before
{Heap before GC invocations=13 (full 0):
 garbage-first heap   total 68608K, used 49446K [0x0000000081c00000, 0x0000000100000000)
  region size 1024K, 16 young (16384K), 3 survivors (3072K)
 Metaspace       used 27297K, committed 27776K, reserved 1114112K
  class space    used 2918K, committed 3136K, reserved 1048576K
}
Event: 10.951 GC heap after
{Heap after GC invocations=14 (full 0):
 garbage-first heap   total 68608K, used 43133K [0x0000000081c00000, 0x0000000100000000)
  region size 1024K, 2 young (2048K), 2 survivors (2048K)
 Metaspace       used 27297K, committed 27776K, reserved 1114112K
  class space    used 2918K, committed 3136K, reserved 1048576K
}
Event: 10.956 GC heap before
{Heap before GC invocations=14 (full 0):
 garbage-first heap   total 68608K, used 44157K [0x0000000081c00000, 0x0000000100000000)
  region size 1024K, 3 young (3072K), 2 survivors (2048K)
 Metaspace       used 27297K, committed 27776K, reserved 1114112K
  class space    used 2918K, committed 3136K, reserved 1048576K
}
Event: 10.962 GC heap after
{Heap after GC invocations=15 (full 0):
 garbage-first heap   total 82944K, used 39215K [0x0000000081c00000, 0x0000000100000000)
  region size 1024K, 1 young (1024K), 1 survivors (1024K)
 Metaspace       used 27297K, committed 27776K, reserved 1114112K
  class space    used 2918K, committed 3136K, reserved 1048576K
}
Event: 11.492 GC heap before
{Heap before GC invocations=15 (full 0):
 garbage-first heap   total 82944K, used 58671K [0x0000000081c00000, 0x0000000100000000)
  region size 1024K, 21 young (21504K), 1 survivors (1024K)
 Metaspace       used 27326K, committed 27776K, reserved 1114112K
  class space    used 2918K, committed 3136K, reserved 1048576K
}
Event: 11.499 GC heap after
{Heap after GC invocations=16 (full 0):
 garbage-first heap   total 82944K, used 46045K [0x0000000081c00000, 0x0000000100000000)
  region size 1024K, 3 young (3072K), 3 survivors (3072K)
 Metaspace       used 27326K, committed 27776K, reserved 1114112K
  class space    used 2918K, committed 3136K, reserved 1048576K
}
Event: 11.928 GC heap before
{Heap before GC invocations=17 (full 0):
 garbage-first heap   total 82944K, used 61405K [0x0000000081c00000, 0x0000000100000000)
  region size 1024K, 18 young (18432K), 3 survivors (3072K)
 Metaspace       used 27625K, committed 28032K, reserved 1114112K
  class space    used 2951K, committed 3136K, reserved 1048576K
}
Event: 11.938 GC heap after
{Heap after GC invocations=18 (full 0):
 garbage-first heap   total 82944K, used 49937K [0x0000000081c00000, 0x0000000100000000)
  region size 1024K, 3 young (3072K), 3 survivors (3072K)
 Metaspace       used 27625K, committed 28032K, reserved 1114112K
  class space    used 2951K, committed 3136K, reserved 1048576K
}
Event: 12.057 GC heap before
{Heap before GC invocations=18 (full 0):
 garbage-first heap   total 82944K, used 50961K [0x0000000081c00000, 0x0000000100000000)
  region size 1024K, 4 young (4096K), 3 survivors (3072K)
 Metaspace       used 27701K, committed 28096K, reserved 1114112K
  class space    used 2957K, committed 3136K, reserved 1048576K
}
Event: 12.066 GC heap after
{Heap after GC invocations=19 (full 0):
 garbage-first heap   total 82944K, used 42672K [0x0000000081c00000, 0x0000000100000000)
  region size 1024K, 1 young (1024K), 1 survivors (1024K)
 Metaspace       used 27701K, committed 28096K, reserved 1114112K
  class space    used 2957K, committed 3136K, reserved 1048576K
}
Event: 12.566 GC heap before
{Heap before GC invocations=19 (full 0):
 garbage-first heap   total 82944K, used 59056K [0x0000000081c00000, 0x0000000100000000)
  region size 1024K, 18 young (18432K), 1 survivors (1024K)
 Metaspace       used 28662K, committed 29056K, reserved 1114112K
  class space    used 3071K, committed 3264K, reserved 1048576K
}
Event: 12.568 GC heap after
{Heap after GC invocations=20 (full 0):
 garbage-first heap   total 82944K, used 42703K [0x0000000081c00000, 0x0000000100000000)
  region size 1024K, 1 young (1024K), 1 survivors (1024K)
 Metaspace       used 28662K, committed 29056K, reserved 1114112K
  class space    used 3071K, committed 3264K, reserved 1048576K
}
Event: 13.019 GC heap before
{Heap before GC invocations=21 (full 0):
 garbage-first heap   total 82944K, used 60111K [0x0000000081c00000, 0x0000000100000000)
  region size 1024K, 19 young (19456K), 1 survivors (1024K)
 Metaspace       used 29086K, committed 29504K, reserved 1114112K
  class space    used 3113K, committed 3328K, reserved 1048576K
}
Event: 13.025 GC heap after
{Heap after GC invocations=22 (full 0):
 garbage-first heap   total 82944K, used 43534K [0x0000000081c00000, 0x0000000100000000)
  region size 1024K, 2 young (2048K), 2 survivors (2048K)
 Metaspace       used 29086K, committed 29504K, reserved 1114112K
  class space    used 3113K, committed 3328K, reserved 1048576K
}
Event: 13.085 GC heap before
{Heap before GC invocations=22 (full 0):
 garbage-first heap   total 82944K, used 45582K [0x0000000081c00000, 0x0000000100000000)
  region size 1024K, 4 young (4096K), 2 survivors (2048K)
 Metaspace       used 29099K, committed 29568K, reserved 1114112K
  class space    used 3113K, committed 3328K, reserved 1048576K
}
Event: 13.094 GC heap after
{Heap after GC invocations=23 (full 0):
 garbage-first heap   total 190464K, used 41875K [0x0000000081c00000, 0x0000000100000000)
  region size 1024K, 1 young (1024K), 1 survivors (1024K)
 Metaspace       used 29099K, committed 29568K, reserved 1114112K
  class space    used 3113K, committed 3328K, reserved 1048576K
}

