# JRE version: OpenJDK Runtime Environment (18.0.1.1+2) (build 18.0.1.1+2-6)
# Java VM: OpenJDK 64-Bit Server VM (18.0.1.1+2-6, mixed mode, sharing, tiered, compressed oops, compressed class ptrs, g1 gc, windows-amd64)
GC Precious Log:
 CardTable entry size: 512
 Card Set container configuration: InlinePtr #cards 5 size 8 Array Of Cards #cards 12 size 40 Howl #buckets 4 coarsen threshold 1843 Howl Bitmap #cards 512 size 80 coarsen threshold 460 Card regions per heap region 1 cards per card region 2048
 CPUs: 4 total, 4 available
 Memory: 8074M
 Large Page Support: Disabled
 NUMA Support: Disabled
 Compressed Oops: Enabled (32-bit)
 Heap Region Size: 1M
 Heap Min Capacity: 8M
 Heap Initial Capacity: 128M
 Heap Max Capacity: 2020M
 Pre-touch: Disabled
 Parallel Workers: 4
 Concurrent Workers: 1
 Concurrent Refinement Workers: 4
 Periodic GC: Disabled
Heap:
 garbage-first heap   total 201728K, used 65515K [0x0000000081c00000, 0x0000000100000000)
  region size 1024K, 22 young (22528K), 1 survivors (1024K)
 Metaspace       used 30570K, committed 31040K, reserved 1114112K
  class space    used 3253K, committed 3456K, reserved 1048576K
GC Heap History (20 events):
Event: 8.189 GC heap before
{Heap before GC invocations=6 (full 0):
 garbage-first heap   total 61440K, used 49171K [0x0000000081c00000, 0x0000000100000000)
  region size 1024K, 36 young (36864K), 4 survivors (4096K)
 Metaspace       used 24241K, committed 24640K, reserved 1114112K
  class space    used 2635K, committed 2816K, reserved 1048576K
}
Event: 8.210 GC heap after
{Heap after GC invocations=7 (full 0):
 garbage-first heap   total 64512K, used 26643K [0x0000000081c00000, 0x0000000100000000)
  region size 1024K, 5 young (5120K), 5 survivors (5120K)
 Metaspace       used 24241K, committed 24640K, reserved 1114112K
  class space    used 2635K, committed 2816K, reserved 1048576K
}
Event: 8.243 GC heap before
{Heap before GC invocations=7 (full 0):
 garbage-first heap   total 64512K, used 27667K [0x0000000081c00000, 0x0000000100000000)
  region size 1024K, 6 young (6144K), 5 survivors (5120K)
 Metaspace       used 24343K, committed 24768K, reserved 1114112K
  class space    used 2649K, committed 2816K, reserved 1048576K
}
Event: 8.252 GC heap after
{Heap after GC invocations=8 (full 0):
 garbage-first heap   total 64512K, used 28031K [0x0000000081c00000, 0x0000000100000000)
  region size 1024K, 1 young (1024K), 1 survivors (1024K)
 Metaspace       used 24343K, committed 24768K, reserved 1114112K
  class space    used 2649K, committed 2816K, reserved 1048576K
}
Event: 8.698 GC heap before
{Heap before GC invocations=8 (full 0):
 garbage-first heap   total 64512K, used 46463K [0x0000000081c00000, 0x0000000100000000)
  region size 1024K, 19 young (19456K), 1 survivors (1024K)
 Metaspace       used 24717K, committed 25088K, reserved 1114112K
  class space    used 2665K, committed 2880K, reserved 1048576K
}
Event: 8.707 GC heap after
{Heap after GC invocations=9 (full 0):
 garbage-first heap   total 64512K, used 32256K [0x0000000081c00000, 0x0000000100000000)
  region size 1024K, 3 young (3072K), 3 survivors (3072K)
 Metaspace       used 24717K, committed 25088K, reserved 1114112K
  class space    used 2665K, committed 2880K, reserved 1048576K
}
Event: 8.934 GC heap before
{Heap before GC invocations=9 (full 0):
 garbage-first heap   total 64512K, used 39424K [0x0000000081c00000, 0x0000000100000000)
  region size 1024K, 11 young (11264K), 3 survivors (3072K)
 Metaspace       used 24782K, committed 25216K, reserved 1114112K
  class space    used 2667K, committed 2880K, reserved 1048576K
}
Event: 8.947 GC heap after
{Heap after GC invocations=10 (full 0):
 garbage-first heap   total 107520K, used 34051K [0x0000000081c00000, 0x0000000100000000)
  region size 1024K, 2 young (2048K), 2 survivors (2048K)
 Metaspace       used 24782K, committed 25216K, reserved 1114112K
  class space    used 2667K, committed 2880K, reserved 1048576K
}
Event: 11.118 GC heap before
{Heap before GC invocations=10 (full 0):
 garbage-first heap   total 107520K, used 77059K [0x0000000081c00000, 0x0000000100000000)
  region size 1024K, 43 young (44032K), 2 survivors (2048K)
 Metaspace       used 27233K, committed 27648K, reserved 1114112K
  class space    used 2915K, committed 3136K, reserved 1048576K
}
Event: 11.135 GC heap after
{Heap after GC invocations=11 (full 0):
 garbage-first heap   total 107520K, used 43391K [0x0000000081c00000, 0x0000000100000000)
  region size 1024K, 6 young (6144K), 6 survivors (6144K)
 Metaspace       used 27233K, committed 27648K, reserved 1114112K
  class space    used 2915K, committed 3136K, reserved 1048576K
}
Event: 11.841 GC heap before
{Heap before GC invocations=11 (full 0):
 garbage-first heap   total 107520K, used 77183K [0x0000000081c00000, 0x0000000100000000)
  region size 1024K, 39 young (39936K), 6 survivors (6144K)
 Metaspace       used 27270K, committed 27776K, reserved 1114112K
  class space    used 2915K, committed 3136K, reserved 1048576K
}
Event: 11.859 GC heap after
{Heap after GC invocations=12 (full 0):
 garbage-first heap   total 107520K, used 53877K [0x0000000081c00000, 0x0000000100000000)
  region size 1024K, 5 young (5120K), 5 survivors (5120K)
 Metaspace       used 27270K, committed 27776K, reserved 1114112K
  class space    used 2915K, committed 3136K, reserved 1048576K
}
Event: 12.827 GC heap before
{Heap before GC invocations=12 (full 0):
 garbage-first heap   total 107520K, used 77429K [0x0000000081c00000, 0x0000000100000000)
  region size 1024K, 29 young (29696K), 5 survivors (5120K)
 Metaspace       used 28847K, committed 29248K, reserved 1114112K
  class space    used 3096K, committed 3264K, reserved 1048576K
}
Event: 12.835 GC heap after
{Heap after GC invocations=13 (full 0):
 garbage-first heap   total 107520K, used 55670K [0x0000000081c00000, 0x0000000100000000)
  region size 1024K, 2 young (2048K), 2 survivors (2048K)
 Metaspace       used 28847K, committed 29248K, reserved 1114112K
  class space    used 3096K, committed 3264K, reserved 1048576K
}
Event: 13.318 GC heap before
{Heap before GC invocations=14 (full 0):
 garbage-first heap   total 107520K, used 79222K [0x0000000081c00000, 0x0000000100000000)
  region size 1024K, 26 young (26624K), 2 survivors (2048K)
 Metaspace       used 29383K, committed 29824K, reserved 1114112K
  class space    used 3143K, committed 3328K, reserved 1048576K
}
Event: 13.324 GC heap after
{Heap after GC invocations=15 (full 0):
 garbage-first heap   total 107520K, used 55610K [0x0000000081c00000, 0x0000000100000000)
  region size 1024K, 3 young (3072K), 3 survivors (3072K)
 Metaspace       used 29383K, committed 29824K, reserved 1114112K
  class space    used 3143K, committed 3328K, reserved 1048576K
}
Event: 13.358 GC heap before
{Heap before GC invocations=15 (full 0):
 garbage-first heap   total 107520K, used 57658K [0x0000000081c00000, 0x0000000100000000)
  region size 1024K, 5 young (5120K), 3 survivors (3072K)
 Metaspace       used 29560K, committed 30016K, reserved 1114112K
  class space    used 3156K, committed 3392K, reserved 1048576K
}
Event: 13.368 GC heap after
{Heap after GC invocations=16 (full 0):
 garbage-first heap   total 107520K, used 45993K [0x0000000081c00000, 0x0000000100000000)
  region size 1024K, 1 young (1024K), 1 survivors (1024K)
 Metaspace       used 29560K, committed 30016K, reserved 1114112K
  class space    used 3156K, committed 3392K, reserved 1048576K
}
Event: 13.434 GC heap before
{Heap before GC invocations=16 (full 0):
 garbage-first heap   total 107520K, used 50089K [0x0000000081c00000, 0x0000000100000000)
  region size 1024K, 5 young (5120K), 1 survivors (1024K)
 Metaspace       used 29961K, committed 30464K, reserved 1114112K
  class space    used 3196K, committed 3456K, reserved 1048576K
}
Event: 13.439 GC heap after
{Heap after GC invocations=17 (full 0):
 garbage-first heap   total 201728K, used 46059K [0x0000000081c00000, 0x0000000100000000)
  region size 1024K, 1 young (1024K), 1 survivors (1024K)
 Metaspace       used 29961K, committed 30464K, reserved 1114112K
  class space    used 3196K, committed 3456K, reserved 1048576K
}

